2023-07-17 09:34:17,500 - /media/hjk/10E40E1910E40E19/myProject/Eye-AD/train.py[line:550] - INFO: imgage size:304
2023-07-17 09:34:17,500 - /media/hjk/10E40E1910E40E19/myProject/Eye-AD/train.py[line:551] - INFO: batch size:4
2023-07-17 09:34:17,501 - /media/hjk/10E40E1910E40E19/myProject/Eye-AD/train.py[line:552] - INFO: learning rate:5e-06
2023-07-17 09:34:17,501 - /media/hjk/10E40E1910E40E19/myProject/Eye-AD/train.py[line:553] - INFO: Fold:
2023-07-17 09:34:17,502 - /media/hjk/10E40E1910E40E19/myProject/Eye-AD/train.py[line:554] - INFO: 1
2023-07-17 09:34:17,502 - /media/hjk/10E40E1910E40E19/myProject/Eye-AD/train.py[line:555] - INFO: ['浅层血管复合体', '深层血管复合体', '脉络膜毛细血管层']
2023-07-17 09:34:53,356 - /media/hjk/10E40E1910E40E19/myProject/Eye-AD/train.py[line:550] - INFO: imgage size:304
2023-07-17 09:34:53,357 - /media/hjk/10E40E1910E40E19/myProject/Eye-AD/train.py[line:551] - INFO: batch size:4
2023-07-17 09:34:53,357 - /media/hjk/10E40E1910E40E19/myProject/Eye-AD/train.py[line:552] - INFO: learning rate:5e-06
2023-07-17 09:34:53,358 - /media/hjk/10E40E1910E40E19/myProject/Eye-AD/train.py[line:553] - INFO: Fold:
2023-07-17 09:34:53,359 - /media/hjk/10E40E1910E40E19/myProject/Eye-AD/train.py[line:554] - INFO: 1
2023-07-17 09:34:53,359 - /media/hjk/10E40E1910E40E19/myProject/Eye-AD/train.py[line:555] - INFO: ['浅层血管复合体', '深层血管复合体', '脉络膜毛细血管层']
2023-07-17 09:38:52,235 - /media/hjk/10E40E1910E40E19/myProject/Eye-AD/train.py[line:550] - INFO: imgage size:304
2023-07-17 09:38:52,236 - /media/hjk/10E40E1910E40E19/myProject/Eye-AD/train.py[line:551] - INFO: batch size:8
2023-07-17 09:38:52,236 - /media/hjk/10E40E1910E40E19/myProject/Eye-AD/train.py[line:552] - INFO: learning rate:5e-06
2023-07-17 09:38:52,237 - /media/hjk/10E40E1910E40E19/myProject/Eye-AD/train.py[line:553] - INFO: Fold:
2023-07-17 09:38:52,237 - /media/hjk/10E40E1910E40E19/myProject/Eye-AD/train.py[line:554] - INFO: 1
2023-07-17 09:38:52,237 - /media/hjk/10E40E1910E40E19/myProject/Eye-AD/train.py[line:555] - INFO: ['浅层血管复合体', '深层血管复合体', '脉络膜毛细血管层']
2023-07-17 09:40:22,518 - /media/hjk/10E40E1910E40E19/myProject/Eye-AD/train.py[line:550] - INFO: imgage size:304
2023-07-17 09:40:22,519 - /media/hjk/10E40E1910E40E19/myProject/Eye-AD/train.py[line:551] - INFO: batch size:8
2023-07-17 09:40:22,519 - /media/hjk/10E40E1910E40E19/myProject/Eye-AD/train.py[line:552] - INFO: learning rate:5e-06
2023-07-17 09:40:22,520 - /media/hjk/10E40E1910E40E19/myProject/Eye-AD/train.py[line:553] - INFO: Fold:
2023-07-17 09:40:22,520 - /media/hjk/10E40E1910E40E19/myProject/Eye-AD/train.py[line:554] - INFO: 1
2023-07-17 09:40:22,520 - /media/hjk/10E40E1910E40E19/myProject/Eye-AD/train.py[line:555] - INFO: ['浅层血管复合体', '深层血管复合体', '脉络膜毛细血管层']
2023-07-17 09:43:13,254 - /media/hjk/10E40E1910E40E19/myProject/Eye-AD/train.py[line:550] - INFO: imgage size:304
2023-07-17 09:43:13,255 - /media/hjk/10E40E1910E40E19/myProject/Eye-AD/train.py[line:551] - INFO: batch size:8
2023-07-17 09:43:13,255 - /media/hjk/10E40E1910E40E19/myProject/Eye-AD/train.py[line:552] - INFO: learning rate:5e-06
2023-07-17 09:43:13,255 - /media/hjk/10E40E1910E40E19/myProject/Eye-AD/train.py[line:553] - INFO: Fold:
2023-07-17 09:43:13,256 - /media/hjk/10E40E1910E40E19/myProject/Eye-AD/train.py[line:554] - INFO: 1
2023-07-17 09:43:13,256 - /media/hjk/10E40E1910E40E19/myProject/Eye-AD/train.py[line:555] - INFO: ['浅层血管复合体', '深层血管复合体', '脉络膜毛细血管层']
2023-07-17 09:43:48,665 - /media/hjk/10E40E1910E40E19/myProject/Eye-AD/train.py[line:550] - INFO: imgage size:304
2023-07-17 09:43:48,666 - /media/hjk/10E40E1910E40E19/myProject/Eye-AD/train.py[line:551] - INFO: batch size:4
2023-07-17 09:43:48,667 - /media/hjk/10E40E1910E40E19/myProject/Eye-AD/train.py[line:552] - INFO: learning rate:5e-06
2023-07-17 09:43:48,668 - /media/hjk/10E40E1910E40E19/myProject/Eye-AD/train.py[line:553] - INFO: Fold:
2023-07-17 09:43:48,668 - /media/hjk/10E40E1910E40E19/myProject/Eye-AD/train.py[line:554] - INFO: 1
2023-07-17 09:43:48,669 - /media/hjk/10E40E1910E40E19/myProject/Eye-AD/train.py[line:555] - INFO: ['浅层血管复合体', '深层血管复合体', '脉络膜毛细血管层']
2023-07-17 09:50:23,174 - /media/hjk/10E40E1910E40E19/myProject/Eye-AD/train.py[line:551] - INFO: imgage size:304
2023-07-17 09:50:23,174 - /media/hjk/10E40E1910E40E19/myProject/Eye-AD/train.py[line:552] - INFO: batch size:4
2023-07-17 09:50:23,175 - /media/hjk/10E40E1910E40E19/myProject/Eye-AD/train.py[line:553] - INFO: learning rate:5e-06
2023-07-17 09:50:23,175 - /media/hjk/10E40E1910E40E19/myProject/Eye-AD/train.py[line:554] - INFO: Fold:
2023-07-17 09:50:23,175 - /media/hjk/10E40E1910E40E19/myProject/Eye-AD/train.py[line:555] - INFO: 1
2023-07-17 09:50:23,176 - /media/hjk/10E40E1910E40E19/myProject/Eye-AD/train.py[line:556] - INFO: ['浅层血管复合体', '深层血管复合体', '脉络膜毛细血管层']
2023-07-17 09:57:29,229 - /media/hjk/10E40E1910E40E19/myProject/Eye-AD/train.py[line:551] - INFO: imgage size:304
2023-07-17 09:57:29,230 - /media/hjk/10E40E1910E40E19/myProject/Eye-AD/train.py[line:552] - INFO: batch size:4
2023-07-17 09:57:29,231 - /media/hjk/10E40E1910E40E19/myProject/Eye-AD/train.py[line:553] - INFO: learning rate:5e-06
2023-07-17 09:57:29,231 - /media/hjk/10E40E1910E40E19/myProject/Eye-AD/train.py[line:554] - INFO: Fold:
2023-07-17 09:57:29,232 - /media/hjk/10E40E1910E40E19/myProject/Eye-AD/train.py[line:555] - INFO: 1
2023-07-17 09:57:29,232 - /media/hjk/10E40E1910E40E19/myProject/Eye-AD/train.py[line:556] - INFO: ['浅层血管复合体', '深层血管复合体', '脉络膜毛细血管层']
